
R version 3.2.1 (2015-06-18) -- "World-Famous Astronaut"
Copyright (C) 2015 The R Foundation for Statistical Computing
Platform: x86_64-pc-linux-gnu (64-bit)

R is free software and comes with ABSOLUTELY NO WARRANTY.
You are welcome to redistribute it under certain conditions.
Type 'license()' or 'licence()' for distribution details.

  Natural language support but running in an English locale

R is a collaborative project with many contributors.
Type 'contributors()' for more information and
'citation()' on how to cite R or R packages in publications.

Type 'demo()' for some demos, 'help()' for on-line help, or
'help.start()' for an HTML browser interface to help.
Type 'q()' to quit R.

> ##########################################################################################################
> # R Code
> # Base experiment 
> # R. G.  Mantovani, 2014
> # Start the experiment 
> ##########################################################################################################
> 
> setup = function() {
+ 
+ 	files = list.files("exp/", recursive=TRUE, full.name=TRUE);	
+ 	for(i in files){
+ 		source(i);
+ 	}
+ }
> 
> 
> ##########################################################################################################
> ##########################################################################################################
> 
> # Running experiment 
> run = function() {
+ 
+ 	#Creating directories
+ 	dirs = creating.folders();
+ 
+ 	#TODO: make automatic to run in several files 
+ 	file = "Alternativa.arff";
+ 	filename =  gsub("*\\.(\\w*)", "\\", file);
+ 
+ 	cat("@File:",filename, "\n");
+ 	cat("@Method:", METHOD, "\n");
+ 
+ 	data = read.arff(paste( dirs$datasets.dir, file, sep=""))
+ 
+ 
+ 	# Running for TBARS = TRUE and TBARS = FALSE
+ 	for(tbars in TBARS){
+ 
+ 		# - Selecting Attributes
+ 		if(!tbars){
+ 			cat(" @TBARS attribute: not used ... \n");
+ 			data = data[,c(1,2,3,4,5,7)]; # comentar para usar o Tbars
+ 		} else{
+ 			cat(" @TBARS attribute: used ... \n");
+ 		}
+ 
+ 		exit = root(data, dirs, tbars);
+ 
+ 		#output files
+ 		files = output.files(dirs$out.dir, tbars)	
+ 
+ 		df = exit$df;
+ 		dump("df",files$rdata);
+ 		write.table(x=exit$df, file=files$csv);
+ 
+ 		allmeasures = exit$allmeasures;
+ 		dump("allmeasures", file=files$all.meas);
+ 		allpredictions = exit$allpredictions
+ 		dump("allpredictions", file=files$all.pred);
+ 
+ 	}
+ 
+ 
+ 	
+ }
> 
> ##########################################################################################################
> ##########################################################################################################
> 
> main = function(){
+ 
+ 	setup();	# loading files
+ 	run();		# running experiment
+ 
+ }
> 
> ##########################################################################################################
> ##########################################################################################################
> 
> main();
Loading required package: CORElearn
Loading required package: e1071
Loading required package: FNN
Loading required package: foreign
Loading required package: infotheo

Attaching package: ‘infotheo’

The following object is masked from ‘package:FNN’:

    entropy

The following object is masked from ‘package:CORElearn’:

    discretize

Loading required package: kknn
Loading required package: randomForest
randomForest 4.6-10
Type rfNews() to see new features/changes/bug fixes.
Loading required package: R.utils
Loading required package: R.oo
Loading required package: R.methodsS3
R.methodsS3 v1.7.0 (2015-02-19) successfully loaded. See ?R.methodsS3 for help.
R.oo v1.19.0 (2015-02-27) successfully loaded. See ?R.oo for help.

Attaching package: ‘R.oo’

The following objects are masked from ‘package:methods’:

    getClasses, getMethods

The following objects are masked from ‘package:base’:

    attach, detach, gc, load, save

R.utils v2.1.0 (2015-05-27) successfully loaded. See ?R.utils for help.

Attaching package: ‘R.utils’

The following object is masked from ‘package:utils’:

    timestamp

The following objects are masked from ‘package:base’:

    cat, commandArgs, getOption, inherits, isOpen, parse, warnings

Loading required package: caret
Loading required package: lattice
Loading required package: ggplot2

Attaching package: ‘caret’

The following object is masked from ‘package:kknn’:

    contr.dummy

Loading required package: matrixStats
matrixStats v0.14.2 (2015-06-23) successfully loaded. See ?matrixStats for help.
Loading required package: frbs
@File: Alternativa 
@Method: CV 
 @TBARS attribute: used ... 
/==============================/
 @TBARS attribute: not used ... 
/==============================/
There were 50 or more warnings (use warnings() to see the first 50)
> 
> ##########################################################################################################
> ##########################################################################################################
> 
> proc.time()
    user   system  elapsed 
1994.516    1.620 1995.440 
